── Attaching packages ────────────────────────────────────── tidymodels 1.1.1 ──
✔ broom        1.0.5     ✔ recipes      1.0.8
✔ dials        1.2.0     ✔ rsample      1.2.0
✔ dplyr        1.1.3     ✔ tibble       3.2.1
✔ ggplot2      3.4.3     ✔ tidyr        1.3.0
✔ infer        1.0.5     ✔ tune         1.1.2
✔ modeldata    1.2.0     ✔ workflows    1.1.3
✔ parsnip      1.1.1     ✔ workflowsets 1.0.1
✔ purrr        1.0.2     ✔ yardstick    1.2.0
── Conflicts ───────────────────────────────────────── tidymodels_conflicts() ──
✖ purrr::discard()  masks scales::discard()
✖ dplyr::filter()   masks stats::filter()
✖ dplyr::lag()      masks stats::lag()
✖ yardstick::spec() masks vroom::spec()
✖ recipes::step()   masks stats::step()
• Use tidymodels_prefer() to resolve common conflicts.
── Attaching core tidyverse packages ──────────────────────── tidyverse 2.0.0 ──
✔ forcats   1.0.0     ✔ readr     2.1.4
✔ lubridate 1.9.3     ✔ stringr   1.5.0
── Conflicts ────────────────────────────────────────── tidyverse_conflicts() ──
✖ readr::col_character()   masks vroom::col_character()
✖ readr::col_date()        masks vroom::col_date()
✖ readr::col_datetime()    masks vroom::col_datetime()
✖ readr::col_double()      masks vroom::col_double()
✖ readr::col_factor()      masks scales::col_factor(), vroom::col_factor()
✖ readr::col_guess()       masks vroom::col_guess()
✖ readr::col_integer()     masks vroom::col_integer()
✖ readr::col_logical()     masks vroom::col_logical()
✖ readr::col_number()      masks vroom::col_number()
✖ readr::col_skip()        masks vroom::col_skip()
✖ readr::col_time()        masks vroom::col_time()
✖ readr::cols()            masks vroom::cols()
✖ readr::date_names_lang() masks vroom::date_names_lang()
✖ readr::default_locale()  masks vroom::default_locale()
✖ purrr::discard()         masks scales::discard()
✖ dplyr::filter()          masks stats::filter()
✖ stringr::fixed()         masks recipes::fixed()
✖ readr::fwf_cols()        masks vroom::fwf_cols()
✖ readr::fwf_empty()       masks vroom::fwf_empty()
✖ readr::fwf_positions()   masks vroom::fwf_positions()
✖ readr::fwf_widths()      masks vroom::fwf_widths()
✖ dplyr::lag()             masks stats::lag()
✖ readr::locale()          masks vroom::locale()
✖ readr::output_column()   masks vroom::output_column()
✖ readr::problems()        masks vroom::problems()
✖ readr::spec()            masks yardstick::spec(), vroom::spec()
ℹ Use the conflicted package (<http://conflicted.r-lib.org/>) to force all conflicts to become errors
Loading required package: Matrix

Attaching package: ‘Matrix’

The following objects are masked from ‘package:tidyr’:

    expand, pack, unpack

Rows: 32769 Columns: 10
── Column specification ────────────────────────────────────────────────────────
Delimiter: ","
dbl (10): ACTION, RESOURCE, MGR_ID, ROLE_ROLLUP_1, ROLE_ROLLUP_2, ROLE_DEPTN...

ℹ Use `spec()` to retrieve the full column specification for this data.
ℹ Specify the column types or set `show_col_types = FALSE` to quiet this message.
Rows: 58921 Columns: 10
── Column specification ────────────────────────────────────────────────────────
Delimiter: ","
dbl (10): id, RESOURCE, MGR_ID, ROLE_ROLLUP_1, ROLE_ROLLUP_2, ROLE_DEPTNAME,...

ℹ Use `spec()` to retrieve the full column specification for this data.
ℹ Specify the column types or set `show_col_types = FALSE` to quiet this message.
# A tibble: 32,769 × 10
   RESOURCE MGR_ID ROLE_ROLLUP_1 ROLE_ROLLUP_2 ROLE_DEPTNAME ROLE_TITLE
      <dbl>  <dbl>         <dbl>         <dbl>         <dbl>      <dbl>
 1    -3.65 -6.28          -2.93         -3.08         -3.16      -3.40
 2    -3.40 -5.62          -2.93         -3.44         -2.17      -3.29
 3    -3.60 -5.40          -2.48         -2.47         -2.50      -2.09
 4    -3.54 -6.34          -2.93         -3.44         -4.27      -2.45
 5    -3.85 -5.59          -2.63         -2.05         -1.29      -2.00
 6    -2.28 -0.949         -2.71         -2.68         -2.12      -2.52
 7    -3.03 -5.84          -2.93         -3.44         -3.98      -2.58
 8    -4.10 -5.51          -2.93         -2.56         -3.26      -2.69
 9    -3.70 -6.00          -2.93         -3.29         -3.07      -2.37
10    -4.00 -5.32          -1.52         -1.51         -2.71      -2.09
# ℹ 32,759 more rows
# ℹ 4 more variables: ROLE_FAMILY_DESC <dbl>, ROLE_FAMILY <dbl>,
#   ROLE_CODE <dbl>, ACTION <fct>
→ A | warning: Model failed to converge with max|grad| = 0.39546 (tol = 0.002, component 1), Model is nearly unidentifiable: very large eigenvalue
                - Rescale variables?
There were issues with some computations   A: x1
There were issues with some computations   A: x1

New names:
• `` -> `...1`
