── Attaching packages ────────────────────────────────────── tidymodels 1.1.1 ──
✔ broom        1.0.5     ✔ recipes      1.0.8
✔ dials        1.2.0     ✔ rsample      1.2.0
✔ dplyr        1.1.3     ✔ tibble       3.2.1
✔ ggplot2      3.4.3     ✔ tidyr        1.3.0
✔ infer        1.0.5     ✔ tune         1.1.2
✔ modeldata    1.2.0     ✔ workflows    1.1.3
✔ parsnip      1.1.1     ✔ workflowsets 1.0.1
✔ purrr        1.0.2     ✔ yardstick    1.2.0
── Conflicts ───────────────────────────────────────── tidymodels_conflicts() ──
✖ purrr::discard()  masks scales::discard()
✖ dplyr::filter()   masks stats::filter()
✖ dplyr::lag()      masks stats::lag()
✖ yardstick::spec() masks vroom::spec()
✖ recipes::step()   masks stats::step()
• Use tidymodels_prefer() to resolve common conflicts.
── Attaching core tidyverse packages ──────────────────────── tidyverse 2.0.0 ──
✔ forcats   1.0.0     ✔ readr     2.1.4
✔ lubridate 1.9.3     ✔ stringr   1.5.0
── Conflicts ────────────────────────────────────────── tidyverse_conflicts() ──
✖ readr::col_character()   masks vroom::col_character()
✖ readr::col_date()        masks vroom::col_date()
✖ readr::col_datetime()    masks vroom::col_datetime()
✖ readr::col_double()      masks vroom::col_double()
✖ readr::col_factor()      masks scales::col_factor(), vroom::col_factor()
✖ readr::col_guess()       masks vroom::col_guess()
✖ readr::col_integer()     masks vroom::col_integer()
✖ readr::col_logical()     masks vroom::col_logical()
✖ readr::col_number()      masks vroom::col_number()
✖ readr::col_skip()        masks vroom::col_skip()
✖ readr::col_time()        masks vroom::col_time()
✖ readr::cols()            masks vroom::cols()
✖ readr::date_names_lang() masks vroom::date_names_lang()
✖ readr::default_locale()  masks vroom::default_locale()
✖ purrr::discard()         masks scales::discard()
✖ dplyr::filter()          masks stats::filter()
✖ stringr::fixed()         masks recipes::fixed()
✖ readr::fwf_cols()        masks vroom::fwf_cols()
✖ readr::fwf_empty()       masks vroom::fwf_empty()
✖ readr::fwf_positions()   masks vroom::fwf_positions()
✖ readr::fwf_widths()      masks vroom::fwf_widths()
✖ dplyr::lag()             masks stats::lag()
✖ readr::locale()          masks vroom::locale()
✖ readr::output_column()   masks vroom::output_column()
✖ readr::problems()        masks vroom::problems()
✖ readr::spec()            masks yardstick::spec(), vroom::spec()
ℹ Use the conflicted package (<http://conflicted.r-lib.org/>) to force all conflicts to become errors
Loading required package: Matrix

Attaching package: ‘Matrix’

The following objects are masked from ‘package:tidyr’:

    expand, pack, unpack

Rows: 32769 Columns: 10
── Column specification ────────────────────────────────────────────────────────
Delimiter: ","
dbl (10): ACTION, RESOURCE, MGR_ID, ROLE_ROLLUP_1, ROLE_ROLLUP_2, ROLE_DEPTN...

ℹ Use `spec()` to retrieve the full column specification for this data.
ℹ Specify the column types or set `show_col_types = FALSE` to quiet this message.
Rows: 58921 Columns: 10
── Column specification ────────────────────────────────────────────────────────
Delimiter: ","
dbl (10): id, RESOURCE, MGR_ID, ROLE_ROLLUP_1, ROLE_ROLLUP_2, ROLE_DEPTNAME,...

ℹ Use `spec()` to retrieve the full column specification for this data.
ℹ Specify the column types or set `show_col_types = FALSE` to quiet this message.
# A tibble: 32,769 × 10
   RESOURCE MGR_ID ROLE_ROLLUP_1 ROLE_ROLLUP_2 ROLE_DEPTNAME ROLE_TITLE
      <dbl>  <dbl>         <dbl>         <dbl>         <dbl>      <dbl>
 1    -3.65 -6.28          -2.93         -3.08         -3.16      -3.40
 2    -3.40 -5.62          -2.93         -3.44         -2.17      -3.29
 3    -3.60 -5.40          -2.48         -2.47         -2.50      -2.09
 4    -3.54 -6.34          -2.93         -3.44         -4.27      -2.45
 5    -3.85 -5.59          -2.63         -2.05         -1.29      -2.00
 6    -2.28 -0.949         -2.71         -2.68         -2.12      -2.52
 7    -3.03 -5.84          -2.93         -3.44         -3.98      -2.58
 8    -4.10 -5.51          -2.93         -2.56         -3.26      -2.69
 9    -3.70 -6.00          -2.93         -3.29         -3.07      -2.37
10    -4.00 -5.32          -1.52         -1.51         -2.71      -2.09
# ℹ 32,759 more rows
# ℹ 4 more variables: ROLE_FAMILY_DESC <dbl>, ROLE_FAMILY <dbl>,
#   ROLE_CODE <dbl>, ACTION <fct>
→ A | warning: Model failed to converge with max|grad| = 0.39546 (tol = 0.002, component 1), Model is nearly unidentifiable: very large eigenvalue
                - Rescale variables?
There were issues with some computations   A: x1
There were issues with some computations   A: x1

New names:
• `` -> `...1`
── Attaching packages ────────────────────────────────────── tidymodels 1.1.1 ──
✔ broom        1.0.5     ✔ recipes      1.0.8
✔ dials        1.2.0     ✔ rsample      1.2.0
✔ dplyr        1.1.3     ✔ tibble       3.2.1
✔ ggplot2      3.4.3     ✔ tidyr        1.3.0
✔ infer        1.0.5     ✔ tune         1.1.2
✔ modeldata    1.2.0     ✔ workflows    1.1.3
✔ parsnip      1.1.1     ✔ workflowsets 1.0.1
✔ purrr        1.0.2     ✔ yardstick    1.2.0
── Conflicts ───────────────────────────────────────── tidymodels_conflicts() ──
✖ purrr::discard()  masks scales::discard()
✖ dplyr::filter()   masks stats::filter()
✖ dplyr::lag()      masks stats::lag()
✖ yardstick::spec() masks vroom::spec()
✖ recipes::step()   masks stats::step()
• Learn how to get started at https://www.tidymodels.org/start/
── Attaching core tidyverse packages ──────────────────────── tidyverse 2.0.0 ──
✔ forcats   1.0.0     ✔ readr     2.1.4
✔ lubridate 1.9.3     ✔ stringr   1.5.0
── Conflicts ────────────────────────────────────────── tidyverse_conflicts() ──
✖ readr::col_character()   masks vroom::col_character()
✖ readr::col_date()        masks vroom::col_date()
✖ readr::col_datetime()    masks vroom::col_datetime()
✖ readr::col_double()      masks vroom::col_double()
✖ readr::col_factor()      masks scales::col_factor(), vroom::col_factor()
✖ readr::col_guess()       masks vroom::col_guess()
✖ readr::col_integer()     masks vroom::col_integer()
✖ readr::col_logical()     masks vroom::col_logical()
✖ readr::col_number()      masks vroom::col_number()
✖ readr::col_skip()        masks vroom::col_skip()
✖ readr::col_time()        masks vroom::col_time()
✖ readr::cols()            masks vroom::cols()
✖ readr::date_names_lang() masks vroom::date_names_lang()
✖ readr::default_locale()  masks vroom::default_locale()
✖ purrr::discard()         masks scales::discard()
✖ dplyr::filter()          masks stats::filter()
✖ stringr::fixed()         masks recipes::fixed()
✖ readr::fwf_cols()        masks vroom::fwf_cols()
✖ readr::fwf_empty()       masks vroom::fwf_empty()
✖ readr::fwf_positions()   masks vroom::fwf_positions()
✖ readr::fwf_widths()      masks vroom::fwf_widths()
✖ dplyr::lag()             masks stats::lag()
✖ readr::locale()          masks vroom::locale()
✖ readr::output_column()   masks vroom::output_column()
✖ readr::problems()        masks vroom::problems()
✖ readr::spec()            masks yardstick::spec(), vroom::spec()
ℹ Use the conflicted package (<http://conflicted.r-lib.org/>) to force all conflicts to become errors
Loading required package: Matrix

Attaching package: ‘Matrix’

The following objects are masked from ‘package:tidyr’:

    expand, pack, unpack

Rows: 32769 Columns: 10
── Column specification ────────────────────────────────────────────────────────
Delimiter: ","
dbl (10): ACTION, RESOURCE, MGR_ID, ROLE_ROLLUP_1, ROLE_ROLLUP_2, ROLE_DEPTN...

ℹ Use `spec()` to retrieve the full column specification for this data.
ℹ Specify the column types or set `show_col_types = FALSE` to quiet this message.
Rows: 58921 Columns: 10
── Column specification ────────────────────────────────────────────────────────
Delimiter: ","
dbl (10): id, RESOURCE, MGR_ID, ROLE_ROLLUP_1, ROLE_ROLLUP_2, ROLE_DEPTNAME,...

ℹ Use `spec()` to retrieve the full column specification for this data.
ℹ Specify the column types or set `show_col_types = FALSE` to quiet this message.
# A tibble: 32,769 × 7
   ACTION     PC1    PC2      PC3    PC4     PC5     PC6
   <fct>    <dbl>  <dbl>    <dbl>  <dbl>   <dbl>   <dbl>
 1 1      -0.566  -0.300  0.159    0.212  0.405  -1.20  
 2 1      -0.814  -0.101  0.00900 -0.287 -1.70   -0.465 
 3 1       2.35   -0.217  1.26     0.274 -0.120  -0.578 
 4 1      -0.0791 -1.73   0.807   -0.366  0.948   0.0435
 5 1       3.35   -0.159  1.46     0.667 -1.35   -1.43  
 6 0       2.86    0.452 -1.68    -0.108  0.0502  0.0689
 7 1      -0.0715 -1.30   0.184   -0.702  0.879   0.0450
 8 1       0.0720 -0.270  1.49     0.278 -0.822   0.428 
 9 1       1.40   -1.87   0.618    0.107  0.129  -1.14  
10 1       2.78    2.18   3.64     0.326 -0.635   0.521 
# ℹ 32,759 more rows
→ A | warning: 7 columns were requested but there were 6 predictors in the data. 6 will be used.
There were issues with some computations   A: x1
→ B | warning: 8 columns were requested but there were 6 predictors in the data. 6 will be used.
There were issues with some computations   A: x1There were issues with some computations   A: x1   B: x1
→ C | warning: 9 columns were requested but there were 6 predictors in the data. 6 will be used.
There were issues with some computations   A: x1   B: x1There were issues with some computations   A: x1   B: x1   C: x1
There were issues with some computations   A: x2   B: x1   C: x1
There were issues with some computations   A: x2   B: x2   C: x1
There were issues with some computations   A: x2   B: x2   C: x2
There were issues with some computations   A: x3   B: x2   C: x2
There were issues with some computations   A: x3   B: x3   C: x2
There were issues with some computations   A: x3   B: x3   C: x3
There were issues with some computations   A: x4   B: x3   C: x3
There were issues with some computations   A: x4   B: x4   C: x3
There were issues with some computations   A: x4   B: x4   C: x4
There were issues with some computations   A: x5   B: x4   C: x4
There were issues with some computations   A: x5   B: x5   C: x4
There were issues with some computations   A: x5   B: x5   C: x5
There were issues with some computations   A: x6   B: x5   C: x5
There were issues with some computations   A: x6   B: x6   C: x5
There were issues with some computations   A: x6   B: x6   C: x6
There were issues with some computations   A: x7   B: x6   C: x6
There were issues with some computations   A: x7   B: x7   C: x6
There were issues with some computations   A: x7   B: x7   C: x7
There were issues with some computations   A: x8   B: x7   C: x7
There were issues with some computations   A: x8   B: x8   C: x7
There were issues with some computations   A: x8   B: x8   C: x8
There were issues with some computations   A: x9   B: x8   C: x8
There were issues with some computations   A: x9   B: x9   C: x8
There were issues with some computations   A: x9   B: x9   C: x9
There were issues with some computations   A: x10   B: x9   C: x9
There were issues with some computations   A: x10   B: x10   C: x9
There were issues with some computations   A: x10   B: x10   C: x10
There were issues with some computations   A: x11   B: x10   C: x10
There were issues with some computations   A: x11   B: x11   C: x10
There were issues with some computations   A: x11   B: x11   C: x11
There were issues with some computations   A: x12   B: x11   C: x11
There were issues with some computations   A: x12   B: x12   C: x11
There were issues with some computations   A: x12   B: x12   C: x12
There were issues with some computations   A: x13   B: x12   C: x12
There were issues with some computations   A: x13   B: x13   C: x12
There were issues with some computations   A: x13   B: x13   C: x13
There were issues with some computations   A: x14   B: x13   C: x13
There were issues with some computations   A: x14   B: x14   C: x13
There were issues with some computations   A: x14   B: x14   C: x14
There were issues with some computations   A: x15   B: x14   C: x14
There were issues with some computations   A: x15   B: x15   C: x14
There were issues with some computations   A: x15   B: x15   C: x15
There were issues with some computations   A: x16   B: x15   C: x15
There were issues with some computations   A: x16   B: x16   C: x15
There were issues with some computations   A: x16   B: x16   C: x16
There were issues with some computations   A: x17   B: x16   C: x16
There were issues with some computations   A: x17   B: x17   C: x16
There were issues with some computations   A: x17   B: x17   C: x17
There were issues with some computations   A: x18   B: x17   C: x17
There were issues with some computations   A: x18   B: x18   C: x17
There were issues with some computations   A: x18   B: x18   C: x18
There were issues with some computations   A: x19   B: x18   C: x18
There were issues with some computations   A: x19   B: x19   C: x18
There were issues with some computations   A: x19   B: x19   C: x19
There were issues with some computations   A: x20   B: x19   C: x19
There were issues with some computations   A: x20   B: x20   C: x19
There were issues with some computations   A: x20   B: x20   C: x20
There were issues with some computations   A: x21   B: x20   C: x20
There were issues with some computations   A: x21   B: x21   C: x20
There were issues with some computations   A: x21   B: x21   C: x21
There were issues with some computations   A: x22   B: x21   C: x21
There were issues with some computations   A: x22   B: x22   C: x21
There were issues with some computations   A: x22   B: x22   C: x22
There were issues with some computations   A: x23   B: x22   C: x22
There were issues with some computations   A: x23   B: x23   C: x22
There were issues with some computations   A: x23   B: x23   C: x23
There were issues with some computations   A: x24   B: x23   C: x23
There were issues with some computations   A: x24   B: x24   C: x23
There were issues with some computations   A: x24   B: x24   C: x24
There were issues with some computations   A: x25   B: x24   C: x24
There were issues with some computations   A: x25   B: x25   C: x24
There were issues with some computations   A: x25   B: x25   C: x25
There were issues with some computations   A: x26   B: x25   C: x25
There were issues with some computations   A: x26   B: x26   C: x25
There were issues with some computations   A: x26   B: x26   C: x26
There were issues with some computations   A: x27   B: x26   C: x26
There were issues with some computations   A: x27   B: x27   C: x26
There were issues with some computations   A: x27   B: x27   C: x27
There were issues with some computations   A: x28   B: x27   C: x27
There were issues with some computations   A: x28   B: x28   C: x27
There were issues with some computations   A: x28   B: x28   C: x28
There were issues with some computations   A: x29   B: x28   C: x28
There were issues with some computations   A: x29   B: x29   C: x28
There were issues with some computations   A: x29   B: x29   C: x29
There were issues with some computations   A: x30   B: x29   C: x29
There were issues with some computations   A: x30   B: x30   C: x29
There were issues with some computations   A: x30   B: x30   C: x30
→ D | warning: Model failed to converge with max|grad| = 0.31611 (tol = 0.002, component 1), Model is nearly unidentifiable: very large eigenvalue
                - Rescale variables?
There were issues with some computations   A: x30   B: x30   C: x30There were issues with some computations   A: x30   B: x30   C: x30   D: x1
There were issues with some computations   A: x31   B: x30   C: x30   D: x1
There were issues with some computations   A: x31   B: x31   C: x30   D: x1
There were issues with some computations   A: x31   B: x31   C: x31   D: x1
There were issues with some computations   A: x32   B: x31   C: x31   D: x1
There were issues with some computations   A: x32   B: x32   C: x31   D: x1
There were issues with some computations   A: x32   B: x32   C: x32   D: x1
There were issues with some computations   A: x33   B: x32   C: x32   D: x1
There were issues with some computations   A: x33   B: x33   C: x32   D: x1
There were issues with some computations   A: x33   B: x33   C: x33   D: x1
There were issues with some computations   A: x34   B: x33   C: x33   D: x1
There were issues with some computations   A: x34   B: x34   C: x33   D: x1
There were issues with some computations   A: x34   B: x34   C: x34   D: x1
There were issues with some computations   A: x35   B: x34   C: x34   D: x1
There were issues with some computations   A: x35   B: x35   C: x34   D: x1
There were issues with some computations   A: x35   B: x35   C: x35   D: x1
There were issues with some computations   A: x36   B: x35   C: x35   D: x1
There were issues with some computations   A: x36   B: x36   C: x35   D: x1
There were issues with some computations   A: x36   B: x36   C: x36   D: x1
There were issues with some computations   A: x37   B: x36   C: x36   D: x1
There were issues with some computations   A: x37   B: x37   C: x36   D: x1
There were issues with some computations   A: x37   B: x37   C: x37   D: x1
There were issues with some computations   A: x38   B: x37   C: x37   D: x1
There were issues with some computations   A: x38   B: x38   C: x37   D: x1
There were issues with some computations   A: x38   B: x38   C: x38   D: x1
There were issues with some computations   A: x39   B: x38   C: x38   D: x1
There were issues with some computations   A: x39   B: x39   C: x38   D: x1
There were issues with some computations   A: x39   B: x39   C: x39   D: x1
There were issues with some computations   A: x40   B: x39   C: x39   D: x1
There were issues with some computations   A: x40   B: x40   C: x39   D: x1
There were issues with some computations   A: x40   B: x40   C: x40   D: x1
There were issues with some computations   A: x41   B: x40   C: x40   D: x1
There were issues with some computations   A: x41   B: x41   C: x40   D: x1
There were issues with some computations   A: x41   B: x41   C: x41   D: x1
There were issues with some computations   A: x42   B: x41   C: x41   D: x1
There were issues with some computations   A: x42   B: x42   C: x41   D: x1
There were issues with some computations   A: x42   B: x42   C: x42   D: x1
There were issues with some computations   A: x43   B: x42   C: x42   D: x1
There were issues with some computations   A: x43   B: x43   C: x42   D: x1
There were issues with some computations   A: x43   B: x43   C: x43   D: x1
There were issues with some computations   A: x44   B: x43   C: x43   D: x1
There were issues with some computations   A: x44   B: x44   C: x43   D: x1
There were issues with some computations   A: x44   B: x44   C: x44   D: x1
There were issues with some computations   A: x45   B: x44   C: x44   D: x1
There were issues with some computations   A: x45   B: x45   C: x44   D: x1
There were issues with some computations   A: x45   B: x45   C: x45   D: x1
→ E | warning: Model failed to converge with max|grad| = 0.320925 (tol = 0.002, component 1), Model is nearly unidentifiable: very large eigenvalue
                - Rescale variables?
There were issues with some computations   A: x45   B: x45   C: x45   D: x1There were issues with some computations   A: x45   B: x45   C: x45   D: x1   E…
There were issues with some computations   A: x46   B: x45   C: x45   D: x1   E…
There were issues with some computations   A: x46   B: x46   C: x45   D: x1   E…
There were issues with some computations   A: x46   B: x46   C: x46   D: x1   E…
There were issues with some computations   A: x47   B: x46   C: x46   D: x1   E…
There were issues with some computations   A: x47   B: x47   C: x46   D: x1   E…
There were issues with some computations   A: x47   B: x47   C: x47   D: x1   E…
There were issues with some computations   A: x48   B: x47   C: x47   D: x1   E…
There were issues with some computations   A: x48   B: x48   C: x47   D: x1   E…
There were issues with some computations   A: x48   B: x48   C: x48   D: x1   E…
There were issues with some computations   A: x49   B: x48   C: x48   D: x1   E…
There were issues with some computations   A: x49   B: x49   C: x48   D: x1   E…
There were issues with some computations   A: x49   B: x49   C: x49   D: x1   E…
There were issues with some computations   A: x50   B: x49   C: x49   D: x1   E…
There were issues with some computations   A: x50   B: x50   C: x49   D: x1   E…
There were issues with some computations   A: x50   B: x50   C: x50   D: x1   E…
There were issues with some computations   A: x51   B: x50   C: x50   D: x1   E…
There were issues with some computations   A: x51   B: x51   C: x50   D: x1   E…
There were issues with some computations   A: x51   B: x51   C: x51   D: x1   E…
There were issues with some computations   A: x52   B: x51   C: x51   D: x1   E…
There were issues with some computations   A: x52   B: x52   C: x51   D: x1   E…
There were issues with some computations   A: x52   B: x52   C: x52   D: x1   E…
There were issues with some computations   A: x53   B: x52   C: x52   D: x1   E…
There were issues with some computations   A: x53   B: x53   C: x52   D: x1   E…
There were issues with some computations   A: x53   B: x53   C: x53   D: x1   E…
There were issues with some computations   A: x54   B: x53   C: x53   D: x1   E…
There were issues with some computations   A: x54   B: x54   C: x53   D: x1   E…
There were issues with some computations   A: x54   B: x54   C: x54   D: x1   E…
There were issues with some computations   A: x55   B: x54   C: x54   D: x1   E…
There were issues with some computations   A: x55   B: x55   C: x54   D: x1   E…
There were issues with some computations   A: x55   B: x55   C: x55   D: x1   E…
There were issues with some computations   A: x56   B: x55   C: x55   D: x1   E…
There were issues with some computations   A: x56   B: x56   C: x55   D: x1   E…
There were issues with some computations   A: x56   B: x56   C: x56   D: x1   E…
There were issues with some computations   A: x57   B: x56   C: x56   D: x1   E…
There were issues with some computations   A: x57   B: x57   C: x56   D: x1   E…
There were issues with some computations   A: x57   B: x57   C: x57   D: x1   E…
There were issues with some computations   A: x58   B: x57   C: x57   D: x1   E…
There were issues with some computations   A: x58   B: x58   C: x57   D: x1   E…
There were issues with some computations   A: x58   B: x58   C: x58   D: x1   E…
There were issues with some computations   A: x59   B: x58   C: x58   D: x1   E…
There were issues with some computations   A: x59   B: x59   C: x58   D: x1   E…
There were issues with some computations   A: x59   B: x59   C: x59   D: x1   E…
There were issues with some computations   A: x60   B: x59   C: x59   D: x1   E…
There were issues with some computations   A: x60   B: x60   C: x59   D: x1   E…
There were issues with some computations   A: x60   B: x60   C: x60   D: x1   E…
There were issues with some computations   A: x61   B: x60   C: x60   D: x1   E…
There were issues with some computations   A: x61   B: x61   C: x60   D: x1   E…
There were issues with some computations   A: x61   B: x61   C: x61   D: x1   E…
There were issues with some computations   A: x62   B: x61   C: x61   D: x1   E…
There were issues with some computations   A: x62   B: x62   C: x61   D: x1   E…
There were issues with some computations   A: x62   B: x62   C: x62   D: x1   E…
There were issues with some computations   A: x63   B: x62   C: x62   D: x1   E…
There were issues with some computations   A: x63   B: x63   C: x62   D: x1   E…
There were issues with some computations   A: x63   B: x63   C: x63   D: x1   E…
There were issues with some computations   A: x64   B: x63   C: x63   D: x1   E…
There were issues with some computations   A: x64   B: x64   C: x63   D: x1   E…
There were issues with some computations   A: x64   B: x64   C: x64   D: x1   E…
There were issues with some computations   A: x65   B: x64   C: x64   D: x1   E…
There were issues with some computations   A: x65   B: x65   C: x64   D: x1   E…
There were issues with some computations   A: x65   B: x65   C: x65   D: x1   E…
There were issues with some computations   A: x66   B: x65   C: x65   D: x1   E…
There were issues with some computations   A: x66   B: x66   C: x65   D: x1   E…
There were issues with some computations   A: x66   B: x66   C: x66   D: x1   E…
There were issues with some computations   A: x67   B: x66   C: x66   D: x1   E…
There were issues with some computations   A: x67   B: x67   C: x66   D: x1   E…
There were issues with some computations   A: x67   B: x67   C: x67   D: x1   E…
There were issues with some computations   A: x68   B: x67   C: x67   D: x1   E…
There were issues with some computations   A: x68   B: x68   C: x67   D: x1   E…
There were issues with some computations   A: x68   B: x68   C: x68   D: x1   E…
There were issues with some computations   A: x69   B: x68   C: x68   D: x1   E…
There were issues with some computations   A: x69   B: x69   C: x68   D: x1   E…
There were issues with some computations   A: x69   B: x69   C: x69   D: x1   E…
There were issues with some computations   A: x70   B: x69   C: x69   D: x1   E…
There were issues with some computations   A: x70   B: x70   C: x69   D: x1   E…
There were issues with some computations   A: x70   B: x70   C: x70   D: x1   E…
There were issues with some computations   A: x71   B: x70   C: x70   D: x1   E…
There were issues with some computations   A: x71   B: x71   C: x70   D: x1   E…
There were issues with some computations   A: x71   B: x71   C: x71   D: x1   E…
There were issues with some computations   A: x72   B: x71   C: x71   D: x1   E…
There were issues with some computations   A: x72   B: x72   C: x71   D: x1   E…
There were issues with some computations   A: x72   B: x72   C: x72   D: x1   E…
There were issues with some computations   A: x73   B: x72   C: x72   D: x1   E…
There were issues with some computations   A: x73   B: x73   C: x72   D: x1   E…
There were issues with some computations   A: x73   B: x73   C: x73   D: x1   E…
There were issues with some computations   A: x74   B: x73   C: x73   D: x1   E…
There were issues with some computations   A: x74   B: x74   C: x73   D: x1   E…
There were issues with some computations   A: x74   B: x74   C: x74   D: x1   E…
There were issues with some computations   A: x75   B: x74   C: x74   D: x1   E…
There were issues with some computations   A: x75   B: x75   C: x74   D: x1   E…
There were issues with some computations   A: x75   B: x75   C: x75   D: x1   E…
There were issues with some computations   A: x75   B: x75   C: x75   D: x1   E…

New names:
• `` -> `...1`
